<?xml version="1.0" encoding="UTF-8"?>
<TestRun id="28fa7b7d-5b6e-4273-8ab1-d291d45d4b25" name="avatrapu@NUC-A-39708 2020-12-27 00:58:18" runUser="RSCE\avatrapu" xmlns="http://microsoft.com/schemas/VisualStudio/TeamTest/2010">
  <TestSettings name="Local" id="9e5c218c-7f63-4b74-84ff-14228a9719df">
    <Description>These are default test settings for a local test run.</Description>
    <Deployment enabled="false" runDeploymentRoot="avatrapu_NUC-A-39708 2020-12-27 00_58_18">
      <DeploymentItem filename="D:\Personal Projects\RomanToNumericalConverter\RomanToNumericConverter\RomanToNumericConverter\bin\Debug\RomanToNumericConverter.exe" />
    </Deployment>
    <Execution>
      <TestTypeSpecific />
      <AgentRule name="Execution Agents">
      </AgentRule>
    </Execution>
  </TestSettings>
  <Times creation="2020-12-27T00:58:18.8756470-05:00" queuing="2020-12-27T00:58:19.6135482-05:00" start="2020-12-27T00:58:19.6761341-05:00" finish="2020-12-27T00:58:20.1459114-05:00" />
  <ResultSummary outcome="Completed">
    <Counters total="15" executed="15" passed="15" error="0" failed="0" timeout="0" aborted="0" inconclusive="0" passedButRunAborted="0" notRunnable="0" notExecuted="0" disconnected="0" warning="0" completed="0" inProgress="0" pending="0" />
  </ResultSummary>
  <TestDefinitions>
    <UnitTest name="Roman_III_3" storage="d:\personal projects\romantonumericalconverter\romantonumericconverter\romantonumericconverter.mstest\bin\debug\romantonumericconverter.mstest.dll" id="8b0c992e-125b-d453-0064-8d7afe46461f">
      <Execution id="4ff028ee-5811-47e5-91b4-7576b663b835" />
      <TestMethod codeBase="D:/Personal Projects/RomanToNumericalConverter/RomanToNumericConverter/RomanToNumericConverter.MSTest/bin/Debug/RomanToNumericConverter.MSTest.DLL" adapterTypeName="Microsoft.VisualStudio.TestTools.TestTypes.Unit.UnitTestAdapter, Microsoft.VisualStudio.QualityTools.Tips.UnitTest.Adapter, Version=10.0.0.0, Culture=neutral, PublicKeyToken=b03f5f7f11d50a3a" className="RomanToNumericConverter.MSTest.DecimalToNumberTest, RomanToNumericConverter.MSTest, Version=1.0.0.0, Culture=neutral, PublicKeyToken=null" name="Roman_III_3" />
    </UnitTest>
    <UnitTest name="Roman_C_100" storage="d:\personal projects\romantonumericalconverter\romantonumericconverter\romantonumericconverter.mstest\bin\debug\romantonumericconverter.mstest.dll" id="f8b1cbf7-3354-3aa8-c7ed-fda2a6a45c2f">
      <Execution id="5b2650d1-8331-438f-a521-87a9397304ee" />
      <TestMethod codeBase="D:/Personal Projects/RomanToNumericalConverter/RomanToNumericConverter/RomanToNumericConverter.MSTest/bin/Debug/RomanToNumericConverter.MSTest.DLL" adapterTypeName="Microsoft.VisualStudio.TestTools.TestTypes.Unit.UnitTestAdapter, Microsoft.VisualStudio.QualityTools.Tips.UnitTest.Adapter, Version=10.0.0.0, Culture=neutral, PublicKeyToken=b03f5f7f11d50a3a" className="RomanToNumericConverter.MSTest.DecimalToNumberTest, RomanToNumericConverter.MSTest, Version=1.0.0.0, Culture=neutral, PublicKeyToken=null" name="Roman_C_100" />
    </UnitTest>
    <UnitTest name="Roman_V_5" storage="d:\personal projects\romantonumericalconverter\romantonumericconverter\romantonumericconverter.mstest\bin\debug\romantonumericconverter.mstest.dll" id="efb830c2-500c-b884-326e-92c2775e3466">
      <Execution id="54590898-c9ce-47df-9104-6c2a6794f056" />
      <TestMethod codeBase="D:/Personal Projects/RomanToNumericalConverter/RomanToNumericConverter/RomanToNumericConverter.MSTest/bin/Debug/RomanToNumericConverter.MSTest.DLL" adapterTypeName="Microsoft.VisualStudio.TestTools.TestTypes.Unit.UnitTestAdapter, Microsoft.VisualStudio.QualityTools.Tips.UnitTest.Adapter, Version=10.0.0.0, Culture=neutral, PublicKeyToken=b03f5f7f11d50a3a" className="RomanToNumericConverter.MSTest.DecimalToNumberTest, RomanToNumericConverter.MSTest, Version=1.0.0.0, Culture=neutral, PublicKeyToken=null" name="Roman_V_5" />
    </UnitTest>
    <UnitTest name="Roman_CM_900" storage="d:\personal projects\romantonumericalconverter\romantonumericconverter\romantonumericconverter.mstest\bin\debug\romantonumericconverter.mstest.dll" id="3c69a0c9-5b9b-65de-4def-71caac887dcb">
      <Execution id="9b8af75e-cca7-4e34-b381-3dcd6534b622" />
      <TestMethod codeBase="D:/Personal Projects/RomanToNumericalConverter/RomanToNumericConverter/RomanToNumericConverter.MSTest/bin/Debug/RomanToNumericConverter.MSTest.DLL" adapterTypeName="Microsoft.VisualStudio.TestTools.TestTypes.Unit.UnitTestAdapter, Microsoft.VisualStudio.QualityTools.Tips.UnitTest.Adapter, Version=10.0.0.0, Culture=neutral, PublicKeyToken=b03f5f7f11d50a3a" className="RomanToNumericConverter.MSTest.DecimalToNumberTest, RomanToNumericConverter.MSTest, Version=1.0.0.0, Culture=neutral, PublicKeyToken=null" name="Roman_CM_900" />
    </UnitTest>
    <UnitTest name="Roman_XLIX_49" storage="d:\personal projects\romantonumericalconverter\romantonumericconverter\romantonumericconverter.mstest\bin\debug\romantonumericconverter.mstest.dll" id="87a4e0c6-3f04-428d-6eef-d9b9b27da8dc">
      <Execution id="9e737e12-b760-4005-b311-5bfaad7d1826" />
      <TestMethod codeBase="D:/Personal Projects/RomanToNumericalConverter/RomanToNumericConverter/RomanToNumericConverter.MSTest/bin/Debug/RomanToNumericConverter.MSTest.DLL" adapterTypeName="Microsoft.VisualStudio.TestTools.TestTypes.Unit.UnitTestAdapter, Microsoft.VisualStudio.QualityTools.Tips.UnitTest.Adapter, Version=10.0.0.0, Culture=neutral, PublicKeyToken=b03f5f7f11d50a3a" className="RomanToNumericConverter.MSTest.DecimalToNumberTest, RomanToNumericConverter.MSTest, Version=1.0.0.0, Culture=neutral, PublicKeyToken=null" name="Roman_XLIX_49" />
    </UnitTest>
    <UnitTest name="Roman_L_50" storage="d:\personal projects\romantonumericalconverter\romantonumericconverter\romantonumericconverter.mstest\bin\debug\romantonumericconverter.mstest.dll" id="c878ef0a-d993-bd71-6fa0-9a2cffe4997f">
      <Execution id="7de8567d-53c1-49af-bc47-37ba0ba0338b" />
      <TestMethod codeBase="D:/Personal Projects/RomanToNumericalConverter/RomanToNumericConverter/RomanToNumericConverter.MSTest/bin/Debug/RomanToNumericConverter.MSTest.DLL" adapterTypeName="Microsoft.VisualStudio.TestTools.TestTypes.Unit.UnitTestAdapter, Microsoft.VisualStudio.QualityTools.Tips.UnitTest.Adapter, Version=10.0.0.0, Culture=neutral, PublicKeyToken=b03f5f7f11d50a3a" className="RomanToNumericConverter.MSTest.DecimalToNumberTest, RomanToNumericConverter.MSTest, Version=1.0.0.0, Culture=neutral, PublicKeyToken=null" name="Roman_L_50" />
    </UnitTest>
    <UnitTest name="Roman_IX_9" storage="d:\personal projects\romantonumericalconverter\romantonumericconverter\romantonumericconverter.mstest\bin\debug\romantonumericconverter.mstest.dll" id="40ca46b5-895e-a24d-b362-61e14c72ebd2">
      <Execution id="3f0d4ea6-3c04-4d6b-9755-3661d07214bc" />
      <TestMethod codeBase="D:/Personal Projects/RomanToNumericalConverter/RomanToNumericConverter/RomanToNumericConverter.MSTest/bin/Debug/RomanToNumericConverter.MSTest.DLL" adapterTypeName="Microsoft.VisualStudio.TestTools.TestTypes.Unit.UnitTestAdapter, Microsoft.VisualStudio.QualityTools.Tips.UnitTest.Adapter, Version=10.0.0.0, Culture=neutral, PublicKeyToken=b03f5f7f11d50a3a" className="RomanToNumericConverter.MSTest.DecimalToNumberTest, RomanToNumericConverter.MSTest, Version=1.0.0.0, Culture=neutral, PublicKeyToken=null" name="Roman_IX_9" />
    </UnitTest>
    <UnitTest name="Roman_MMMMMMMMMMMCMLXXXIV_11984" storage="d:\personal projects\romantonumericalconverter\romantonumericconverter\romantonumericconverter.mstest\bin\debug\romantonumericconverter.mstest.dll" id="768d8aff-d2b4-0fdc-3a8f-787d0bda0cd1">
      <Execution id="cb8c6db8-ad9d-4f21-8622-a3121969875f" />
      <TestMethod codeBase="D:/Personal Projects/RomanToNumericalConverter/RomanToNumericConverter/RomanToNumericConverter.MSTest/bin/Debug/RomanToNumericConverter.MSTest.DLL" adapterTypeName="Microsoft.VisualStudio.TestTools.TestTypes.Unit.UnitTestAdapter, Microsoft.VisualStudio.QualityTools.Tips.UnitTest.Adapter, Version=10.0.0.0, Culture=neutral, PublicKeyToken=b03f5f7f11d50a3a" className="RomanToNumericConverter.MSTest.DecimalToNumberTest, RomanToNumericConverter.MSTest, Version=1.0.0.0, Culture=neutral, PublicKeyToken=null" name="Roman_MMMMMMMMMMMCMLXXXIV_11984" />
    </UnitTest>
    <UnitTest name="Roman_IV_4" storage="d:\personal projects\romantonumericalconverter\romantonumericconverter\romantonumericconverter.mstest\bin\debug\romantonumericconverter.mstest.dll" id="146bd9c3-f4ea-753c-5532-d01ebbcd4244">
      <Execution id="66006d02-f610-4463-82a4-79da29a3ab98" />
      <TestMethod codeBase="D:/Personal Projects/RomanToNumericalConverter/RomanToNumericConverter/RomanToNumericConverter.MSTest/bin/Debug/RomanToNumericConverter.MSTest.DLL" adapterTypeName="Microsoft.VisualStudio.TestTools.TestTypes.Unit.UnitTestAdapter, Microsoft.VisualStudio.QualityTools.Tips.UnitTest.Adapter, Version=10.0.0.0, Culture=neutral, PublicKeyToken=b03f5f7f11d50a3a" className="RomanToNumericConverter.MSTest.DecimalToNumberTest, RomanToNumericConverter.MSTest, Version=1.0.0.0, Culture=neutral, PublicKeyToken=null" name="Roman_IV_4" />
    </UnitTest>
    <UnitTest name="Roman_M_1000" storage="d:\personal projects\romantonumericalconverter\romantonumericconverter\romantonumericconverter.mstest\bin\debug\romantonumericconverter.mstest.dll" id="5c9d0e61-df4f-6961-390f-d178dc068d60">
      <Execution id="ebe5690e-a237-4676-a775-02b54081808a" />
      <TestMethod codeBase="D:/Personal Projects/RomanToNumericalConverter/RomanToNumericConverter/RomanToNumericConverter.MSTest/bin/Debug/RomanToNumericConverter.MSTest.DLL" adapterTypeName="Microsoft.VisualStudio.TestTools.TestTypes.Unit.UnitTestAdapter, Microsoft.VisualStudio.QualityTools.Tips.UnitTest.Adapter, Version=10.0.0.0, Culture=neutral, PublicKeyToken=b03f5f7f11d50a3a" className="RomanToNumericConverter.MSTest.DecimalToNumberTest, RomanToNumericConverter.MSTest, Version=1.0.0.0, Culture=neutral, PublicKeyToken=null" name="Roman_M_1000" />
    </UnitTest>
    <UnitTest name="Roman_II_2" storage="d:\personal projects\romantonumericalconverter\romantonumericconverter\romantonumericconverter.mstest\bin\debug\romantonumericconverter.mstest.dll" id="93c51096-9ff0-dcf2-1538-e74fbabdee84">
      <Execution id="8b1465f1-42ce-4a9a-a2fe-e8726b31df54" />
      <TestMethod codeBase="D:/Personal Projects/RomanToNumericalConverter/RomanToNumericConverter/RomanToNumericConverter.MSTest/bin/Debug/RomanToNumericConverter.MSTest.DLL" adapterTypeName="Microsoft.VisualStudio.TestTools.TestTypes.Unit.UnitTestAdapter, Microsoft.VisualStudio.QualityTools.Tips.UnitTest.Adapter, Version=10.0.0.0, Culture=neutral, PublicKeyToken=b03f5f7f11d50a3a" className="RomanToNumericConverter.MSTest.DecimalToNumberTest, RomanToNumericConverter.MSTest, Version=1.0.0.0, Culture=neutral, PublicKeyToken=null" name="Roman_II_2" />
    </UnitTest>
    <UnitTest name="Roman_X_10" storage="d:\personal projects\romantonumericalconverter\romantonumericconverter\romantonumericconverter.mstest\bin\debug\romantonumericconverter.mstest.dll" id="cb26e104-4edb-af88-4323-ff269890d41b">
      <Execution id="b730a2b4-c0c5-47d9-9af7-6614366af0cc" />
      <TestMethod codeBase="D:/Personal Projects/RomanToNumericalConverter/RomanToNumericConverter/RomanToNumericConverter.MSTest/bin/Debug/RomanToNumericConverter.MSTest.DLL" adapterTypeName="Microsoft.VisualStudio.TestTools.TestTypes.Unit.UnitTestAdapter, Microsoft.VisualStudio.QualityTools.Tips.UnitTest.Adapter, Version=10.0.0.0, Culture=neutral, PublicKeyToken=b03f5f7f11d50a3a" className="RomanToNumericConverter.MSTest.DecimalToNumberTest, RomanToNumericConverter.MSTest, Version=1.0.0.0, Culture=neutral, PublicKeyToken=null" name="Roman_X_10" />
    </UnitTest>
    <UnitTest name="Roman_I_1" storage="d:\personal projects\romantonumericalconverter\romantonumericconverter\romantonumericconverter.mstest\bin\debug\romantonumericconverter.mstest.dll" id="5de88268-d2d4-f6f2-551f-09d1d81dd025">
      <Execution id="fde29dee-4cc7-46d1-a29f-5db12e076d76" />
      <TestMethod codeBase="D:/Personal Projects/RomanToNumericalConverter/RomanToNumericConverter/RomanToNumericConverter.MSTest/bin/Debug/RomanToNumericConverter.MSTest.DLL" adapterTypeName="Microsoft.VisualStudio.TestTools.TestTypes.Unit.UnitTestAdapter, Microsoft.VisualStudio.QualityTools.Tips.UnitTest.Adapter, Version=10.0.0.0, Culture=neutral, PublicKeyToken=b03f5f7f11d50a3a" className="RomanToNumericConverter.MSTest.DecimalToNumberTest, RomanToNumericConverter.MSTest, Version=1.0.0.0, Culture=neutral, PublicKeyToken=null" name="Roman_I_1" />
    </UnitTest>
    <UnitTest name="Roman_CD_400" storage="d:\personal projects\romantonumericalconverter\romantonumericconverter\romantonumericconverter.mstest\bin\debug\romantonumericconverter.mstest.dll" id="e1f5856a-d86a-9614-6e14-410ca7751e49">
      <Execution id="bea24c0b-c4f0-4bce-90b6-4b76e01378ac" />
      <TestMethod codeBase="D:/Personal Projects/RomanToNumericalConverter/RomanToNumericConverter/RomanToNumericConverter.MSTest/bin/Debug/RomanToNumericConverter.MSTest.DLL" adapterTypeName="Microsoft.VisualStudio.TestTools.TestTypes.Unit.UnitTestAdapter, Microsoft.VisualStudio.QualityTools.Tips.UnitTest.Adapter, Version=10.0.0.0, Culture=neutral, PublicKeyToken=b03f5f7f11d50a3a" className="RomanToNumericConverter.MSTest.DecimalToNumberTest, RomanToNumericConverter.MSTest, Version=1.0.0.0, Culture=neutral, PublicKeyToken=null" name="Roman_CD_400" />
    </UnitTest>
    <UnitTest name="Roman_D_500" storage="d:\personal projects\romantonumericalconverter\romantonumericconverter\romantonumericconverter.mstest\bin\debug\romantonumericconverter.mstest.dll" id="de3cc64d-acc7-c273-f538-1958f501a069">
      <Execution id="89ba17b0-9344-4f36-b3bd-63033e18e7a4" />
      <TestMethod codeBase="D:/Personal Projects/RomanToNumericalConverter/RomanToNumericConverter/RomanToNumericConverter.MSTest/bin/Debug/RomanToNumericConverter.MSTest.DLL" adapterTypeName="Microsoft.VisualStudio.TestTools.TestTypes.Unit.UnitTestAdapter, Microsoft.VisualStudio.QualityTools.Tips.UnitTest.Adapter, Version=10.0.0.0, Culture=neutral, PublicKeyToken=b03f5f7f11d50a3a" className="RomanToNumericConverter.MSTest.DecimalToNumberTest, RomanToNumericConverter.MSTest, Version=1.0.0.0, Culture=neutral, PublicKeyToken=null" name="Roman_D_500" />
    </UnitTest>
  </TestDefinitions>
  <TestLists>
    <TestList name="Results Not in a List" id="8c84fa94-04c1-424b-9868-57a2d4851a1d" />
    <TestList name="All Loaded Results" id="19431567-8539-422a-85d7-44ee4e166bda" />
  </TestLists>
  <TestEntries>
    <TestEntry testId="146bd9c3-f4ea-753c-5532-d01ebbcd4244" executionId="66006d02-f610-4463-82a4-79da29a3ab98" testListId="8c84fa94-04c1-424b-9868-57a2d4851a1d" />
    <TestEntry testId="3c69a0c9-5b9b-65de-4def-71caac887dcb" executionId="9b8af75e-cca7-4e34-b381-3dcd6534b622" testListId="8c84fa94-04c1-424b-9868-57a2d4851a1d" />
    <TestEntry testId="40ca46b5-895e-a24d-b362-61e14c72ebd2" executionId="3f0d4ea6-3c04-4d6b-9755-3661d07214bc" testListId="8c84fa94-04c1-424b-9868-57a2d4851a1d" />
    <TestEntry testId="5c9d0e61-df4f-6961-390f-d178dc068d60" executionId="ebe5690e-a237-4676-a775-02b54081808a" testListId="8c84fa94-04c1-424b-9868-57a2d4851a1d" />
    <TestEntry testId="5de88268-d2d4-f6f2-551f-09d1d81dd025" executionId="fde29dee-4cc7-46d1-a29f-5db12e076d76" testListId="8c84fa94-04c1-424b-9868-57a2d4851a1d" />
    <TestEntry testId="768d8aff-d2b4-0fdc-3a8f-787d0bda0cd1" executionId="cb8c6db8-ad9d-4f21-8622-a3121969875f" testListId="8c84fa94-04c1-424b-9868-57a2d4851a1d" />
    <TestEntry testId="87a4e0c6-3f04-428d-6eef-d9b9b27da8dc" executionId="9e737e12-b760-4005-b311-5bfaad7d1826" testListId="8c84fa94-04c1-424b-9868-57a2d4851a1d" />
    <TestEntry testId="8b0c992e-125b-d453-0064-8d7afe46461f" executionId="4ff028ee-5811-47e5-91b4-7576b663b835" testListId="8c84fa94-04c1-424b-9868-57a2d4851a1d" />
    <TestEntry testId="93c51096-9ff0-dcf2-1538-e74fbabdee84" executionId="8b1465f1-42ce-4a9a-a2fe-e8726b31df54" testListId="8c84fa94-04c1-424b-9868-57a2d4851a1d" />
    <TestEntry testId="c878ef0a-d993-bd71-6fa0-9a2cffe4997f" executionId="7de8567d-53c1-49af-bc47-37ba0ba0338b" testListId="8c84fa94-04c1-424b-9868-57a2d4851a1d" />
    <TestEntry testId="cb26e104-4edb-af88-4323-ff269890d41b" executionId="b730a2b4-c0c5-47d9-9af7-6614366af0cc" testListId="8c84fa94-04c1-424b-9868-57a2d4851a1d" />
    <TestEntry testId="de3cc64d-acc7-c273-f538-1958f501a069" executionId="89ba17b0-9344-4f36-b3bd-63033e18e7a4" testListId="8c84fa94-04c1-424b-9868-57a2d4851a1d" />
    <TestEntry testId="e1f5856a-d86a-9614-6e14-410ca7751e49" executionId="bea24c0b-c4f0-4bce-90b6-4b76e01378ac" testListId="8c84fa94-04c1-424b-9868-57a2d4851a1d" />
    <TestEntry testId="efb830c2-500c-b884-326e-92c2775e3466" executionId="54590898-c9ce-47df-9104-6c2a6794f056" testListId="8c84fa94-04c1-424b-9868-57a2d4851a1d" />
    <TestEntry testId="f8b1cbf7-3354-3aa8-c7ed-fda2a6a45c2f" executionId="5b2650d1-8331-438f-a521-87a9397304ee" testListId="8c84fa94-04c1-424b-9868-57a2d4851a1d" />
  </TestEntries>
  <Results>
    <UnitTestResult executionId="66006d02-f610-4463-82a4-79da29a3ab98" testId="146bd9c3-f4ea-753c-5532-d01ebbcd4244" testName="Roman_IV_4" computerName="NUC-A-39708" duration="00:00:00.0129675" startTime="2020-12-27T00:58:19.7040422-05:00" endTime="2020-12-27T00:58:20.0637247-05:00" testType="13cdc9d9-ddb5-4fa4-a97d-d965ccfc6d4b" outcome="Passed" testListId="8c84fa94-04c1-424b-9868-57a2d4851a1d" relativeResultsDirectory="66006d02-f610-4463-82a4-79da29a3ab98">
    </UnitTestResult>
    <UnitTestResult executionId="9b8af75e-cca7-4e34-b381-3dcd6534b622" testId="3c69a0c9-5b9b-65de-4def-71caac887dcb" testName="Roman_CM_900" computerName="NUC-A-39708" duration="00:00:00.0001035" startTime="2020-12-27T00:58:20.0667171-05:00" endTime="2020-12-27T00:58:20.0687128-05:00" testType="13cdc9d9-ddb5-4fa4-a97d-d965ccfc6d4b" outcome="Passed" testListId="8c84fa94-04c1-424b-9868-57a2d4851a1d" relativeResultsDirectory="9b8af75e-cca7-4e34-b381-3dcd6534b622">
    </UnitTestResult>
    <UnitTestResult executionId="3f0d4ea6-3c04-4d6b-9755-3661d07214bc" testId="40ca46b5-895e-a24d-b362-61e14c72ebd2" testName="Roman_IX_9" computerName="NUC-A-39708" duration="00:00:00.0000994" startTime="2020-12-27T00:58:20.0717135-05:00" endTime="2020-12-27T00:58:20.0736987-05:00" testType="13cdc9d9-ddb5-4fa4-a97d-d965ccfc6d4b" outcome="Passed" testListId="8c84fa94-04c1-424b-9868-57a2d4851a1d" relativeResultsDirectory="3f0d4ea6-3c04-4d6b-9755-3661d07214bc">
    </UnitTestResult>
    <UnitTestResult executionId="ebe5690e-a237-4676-a775-02b54081808a" testId="5c9d0e61-df4f-6961-390f-d178dc068d60" testName="Roman_M_1000" computerName="NUC-A-39708" duration="00:00:00.0001741" startTime="2020-12-27T00:58:20.0762979-05:00" endTime="2020-12-27T00:58:20.0783231-05:00" testType="13cdc9d9-ddb5-4fa4-a97d-d965ccfc6d4b" outcome="Passed" testListId="8c84fa94-04c1-424b-9868-57a2d4851a1d" relativeResultsDirectory="ebe5690e-a237-4676-a775-02b54081808a">
    </UnitTestResult>
    <UnitTestResult executionId="fde29dee-4cc7-46d1-a29f-5db12e076d76" testId="5de88268-d2d4-f6f2-551f-09d1d81dd025" testName="Roman_I_1" computerName="NUC-A-39708" duration="00:00:00.0000960" startTime="2020-12-27T00:58:20.0812879-05:00" endTime="2020-12-27T00:58:20.0822862-05:00" testType="13cdc9d9-ddb5-4fa4-a97d-d965ccfc6d4b" outcome="Passed" testListId="8c84fa94-04c1-424b-9868-57a2d4851a1d" relativeResultsDirectory="fde29dee-4cc7-46d1-a29f-5db12e076d76">
    </UnitTestResult>
    <UnitTestResult executionId="cb8c6db8-ad9d-4f21-8622-a3121969875f" testId="768d8aff-d2b4-0fdc-3a8f-787d0bda0cd1" testName="Roman_MMMMMMMMMMMCMLXXXIV_11984" computerName="NUC-A-39708" duration="00:00:00.0001019" startTime="2020-12-27T00:58:20.0853048-05:00" endTime="2020-12-27T00:58:20.0873035-05:00" testType="13cdc9d9-ddb5-4fa4-a97d-d965ccfc6d4b" outcome="Passed" testListId="8c84fa94-04c1-424b-9868-57a2d4851a1d" relativeResultsDirectory="cb8c6db8-ad9d-4f21-8622-a3121969875f">
    </UnitTestResult>
    <UnitTestResult executionId="9e737e12-b760-4005-b311-5bfaad7d1826" testId="87a4e0c6-3f04-428d-6eef-d9b9b27da8dc" testName="Roman_XLIX_49" computerName="NUC-A-39708" duration="00:00:00.0001024" startTime="2020-12-27T00:58:20.0892690-05:00" endTime="2020-12-27T00:58:20.0912620-05:00" testType="13cdc9d9-ddb5-4fa4-a97d-d965ccfc6d4b" outcome="Passed" testListId="8c84fa94-04c1-424b-9868-57a2d4851a1d" relativeResultsDirectory="9e737e12-b760-4005-b311-5bfaad7d1826">
    </UnitTestResult>
    <UnitTestResult executionId="4ff028ee-5811-47e5-91b4-7576b663b835" testId="8b0c992e-125b-d453-0064-8d7afe46461f" testName="Roman_III_3" computerName="NUC-A-39708" duration="00:00:00.0001007" startTime="2020-12-27T00:58:20.0942519-05:00" endTime="2020-12-27T00:58:20.0952511-05:00" testType="13cdc9d9-ddb5-4fa4-a97d-d965ccfc6d4b" outcome="Passed" testListId="8c84fa94-04c1-424b-9868-57a2d4851a1d" relativeResultsDirectory="4ff028ee-5811-47e5-91b4-7576b663b835">
    </UnitTestResult>
    <UnitTestResult executionId="8b1465f1-42ce-4a9a-a2fe-e8726b31df54" testId="93c51096-9ff0-dcf2-1538-e74fbabdee84" testName="Roman_II_2" computerName="NUC-A-39708" duration="00:00:00.0001011" startTime="2020-12-27T00:58:20.0982515-05:00" endTime="2020-12-27T00:58:20.1002689-05:00" testType="13cdc9d9-ddb5-4fa4-a97d-d965ccfc6d4b" outcome="Passed" testListId="8c84fa94-04c1-424b-9868-57a2d4851a1d" relativeResultsDirectory="8b1465f1-42ce-4a9a-a2fe-e8726b31df54">
    </UnitTestResult>
    <UnitTestResult executionId="7de8567d-53c1-49af-bc47-37ba0ba0338b" testId="c878ef0a-d993-bd71-6fa0-9a2cffe4997f" testName="Roman_L_50" computerName="NUC-A-39708" duration="00:00:00.0001001" startTime="2020-12-27T00:58:20.1032669-05:00" endTime="2020-12-27T00:58:20.1052245-05:00" testType="13cdc9d9-ddb5-4fa4-a97d-d965ccfc6d4b" outcome="Passed" testListId="8c84fa94-04c1-424b-9868-57a2d4851a1d" relativeResultsDirectory="7de8567d-53c1-49af-bc47-37ba0ba0338b">
    </UnitTestResult>
    <UnitTestResult executionId="b730a2b4-c0c5-47d9-9af7-6614366af0cc" testId="cb26e104-4edb-af88-4323-ff269890d41b" testName="Roman_X_10" computerName="NUC-A-39708" duration="00:00:00.0001012" startTime="2020-12-27T00:58:20.1072476-05:00" endTime="2020-12-27T00:58:20.1092449-05:00" testType="13cdc9d9-ddb5-4fa4-a97d-d965ccfc6d4b" outcome="Passed" testListId="8c84fa94-04c1-424b-9868-57a2d4851a1d" relativeResultsDirectory="b730a2b4-c0c5-47d9-9af7-6614366af0cc">
    </UnitTestResult>
    <UnitTestResult executionId="89ba17b0-9344-4f36-b3bd-63033e18e7a4" testId="de3cc64d-acc7-c273-f538-1958f501a069" testName="Roman_D_500" computerName="NUC-A-39708" duration="00:00:00.0001027" startTime="2020-12-27T00:58:20.1119990-05:00" endTime="2020-12-27T00:58:20.1129990-05:00" testType="13cdc9d9-ddb5-4fa4-a97d-d965ccfc6d4b" outcome="Passed" testListId="8c84fa94-04c1-424b-9868-57a2d4851a1d" relativeResultsDirectory="89ba17b0-9344-4f36-b3bd-63033e18e7a4">
    </UnitTestResult>
    <UnitTestResult executionId="bea24c0b-c4f0-4bce-90b6-4b76e01378ac" testId="e1f5856a-d86a-9614-6e14-410ca7751e49" testName="Roman_CD_400" computerName="NUC-A-39708" duration="00:00:00.0001026" startTime="2020-12-27T00:58:20.1160235-05:00" endTime="2020-12-27T00:58:20.1179862-05:00" testType="13cdc9d9-ddb5-4fa4-a97d-d965ccfc6d4b" outcome="Passed" testListId="8c84fa94-04c1-424b-9868-57a2d4851a1d" relativeResultsDirectory="bea24c0b-c4f0-4bce-90b6-4b76e01378ac">
    </UnitTestResult>
    <UnitTestResult executionId="54590898-c9ce-47df-9104-6c2a6794f056" testId="efb830c2-500c-b884-326e-92c2775e3466" testName="Roman_V_5" computerName="NUC-A-39708" duration="00:00:00.0000998" startTime="2020-12-27T00:58:20.1210063-05:00" endTime="2020-12-27T00:58:20.1219748-05:00" testType="13cdc9d9-ddb5-4fa4-a97d-d965ccfc6d4b" outcome="Passed" testListId="8c84fa94-04c1-424b-9868-57a2d4851a1d" relativeResultsDirectory="54590898-c9ce-47df-9104-6c2a6794f056">
    </UnitTestResult>
    <UnitTestResult executionId="5b2650d1-8331-438f-a521-87a9397304ee" testId="f8b1cbf7-3354-3aa8-c7ed-fda2a6a45c2f" testName="Roman_C_100" computerName="NUC-A-39708" duration="00:00:00.0001005" startTime="2020-12-27T00:58:20.1249971-05:00" endTime="2020-12-27T00:58:20.1269940-05:00" testType="13cdc9d9-ddb5-4fa4-a97d-d965ccfc6d4b" outcome="Passed" testListId="8c84fa94-04c1-424b-9868-57a2d4851a1d" relativeResultsDirectory="5b2650d1-8331-438f-a521-87a9397304ee">
    </UnitTestResult>
  </Results>
</TestRun>